ERROR - 2025-10-23 10:24:36 --> mysqli_sql_exception: Duplicate entry 'admin@lms.com' for key 'email' in D:\XAMPP\htdocs\ITE311-Fundar\system\Database\MySQLi\Connection.php:327
Stack trace:
#0 D:\XAMPP\htdocs\ITE311-Fundar\system\Database\MySQLi\Connection.php(327): mysqli->query('INSERT INTO `us...', 0)
#1 D:\XAMPP\htdocs\ITE311-Fundar\system\Database\BaseConnection.php(729): CodeIgniter\Database\MySQLi\Connection->execute('INSERT INTO `us...')
#2 D:\XAMPP\htdocs\ITE311-Fundar\system\Database\BaseConnection.php(646): CodeIgniter\Database\BaseConnection->simpleQuery('INSERT INTO `us...')
#3 D:\XAMPP\htdocs\ITE311-Fundar\system\Database\BaseBuilder.php(1841): CodeIgniter\Database\BaseConnection->query('INSERT INTO `us...', NULL, false)
#4 D:\XAMPP\htdocs\ITE311-Fundar\system\Database\BaseBuilder.php(2230): CodeIgniter\Database\BaseBuilder->batchExecute('_insertBatch', 100)
#5 D:\XAMPP\htdocs\ITE311-Fundar\app\Database\Seeds\UserSeeder.php(51): CodeIgniter\Database\BaseBuilder->insertBatch(Array)
#6 D:\XAMPP\htdocs\ITE311-Fundar\system\Database\Seeder.php(149): App\Database\Seeds\UserSeeder->run()
#7 D:\XAMPP\htdocs\ITE311-Fundar\system\Commands\Database\Seed.php(79): CodeIgniter\Database\Seeder->call('App\\Database\\Se...')
#8 D:\XAMPP\htdocs\ITE311-Fundar\system\CLI\Commands.php(74): CodeIgniter\Commands\Database\Seed->run(Array)
#9 D:\XAMPP\htdocs\ITE311-Fundar\system\CLI\Console.php(47): CodeIgniter\CLI\Commands->run('db:seed', Array)
#10 D:\XAMPP\htdocs\ITE311-Fundar\system\Boot.php(388): CodeIgniter\CLI\Console->run()
#11 D:\XAMPP\htdocs\ITE311-Fundar\system\Boot.php(133): CodeIgniter\Boot::runCommand(Object(CodeIgniter\CLI\Console))
#12 D:\XAMPP\htdocs\ITE311-Fundar\spark(87): CodeIgniter\Boot::bootSpark(Object(Config\Paths))
#13 {main}
ERROR - 2025-10-23 10:43:54 --> mysqli_sql_exception: Unknown column 'enrollments.student_id' in 'on clause' in D:\XAMPP\htdocs\ITE311-Fundar\system\Database\MySQLi\Connection.php:327
Stack trace:
#0 D:\XAMPP\htdocs\ITE311-Fundar\system\Database\MySQLi\Connection.php(327): mysqli->query('SELECT `users`....', 0)
#1 D:\XAMPP\htdocs\ITE311-Fundar\system\Database\BaseConnection.php(729): CodeIgniter\Database\MySQLi\Connection->execute('SELECT `users`....')
#2 D:\XAMPP\htdocs\ITE311-Fundar\system\Database\BaseConnection.php(646): CodeIgniter\Database\BaseConnection->simpleQuery('SELECT `users`....')
#3 D:\XAMPP\htdocs\ITE311-Fundar\system\Database\BaseBuilder.php(1649): CodeIgniter\Database\BaseConnection->query('SELECT `users`....', Array, false)
#4 D:\XAMPP\htdocs\ITE311-Fundar\app\Controllers\TeacherController.php(171): CodeIgniter\Database\BaseBuilder->get()
#5 D:\XAMPP\htdocs\ITE311-Fundar\system\CodeIgniter.php(933): App\Controllers\TeacherController->viewCourseStudents('1')
#6 D:\XAMPP\htdocs\ITE311-Fundar\system\CodeIgniter.php(507): CodeIgniter\CodeIgniter->runController(Object(App\Controllers\TeacherController))
#7 D:\XAMPP\htdocs\ITE311-Fundar\system\CodeIgniter.php(354): CodeIgniter\CodeIgniter->handleRequest(NULL, Object(Config\Cache), false)
#8 D:\XAMPP\htdocs\ITE311-Fundar\system\Boot.php(363): CodeIgniter\CodeIgniter->run()
#9 D:\XAMPP\htdocs\ITE311-Fundar\system\Boot.php(68): CodeIgniter\Boot::runCodeIgniter(Object(CodeIgniter\CodeIgniter))
#10 D:\XAMPP\htdocs\ITE311-Fundar\index.php(59): CodeIgniter\Boot::bootWeb(Object(Config\Paths))
#11 {main}
CRITICAL - 2025-10-23 10:43:54 --> CodeIgniter\Database\Exceptions\DatabaseException: Unknown column 'enrollments.student_id' in 'on clause'
[Method: GET, Route: teacher/course/1/students]
in SYSTEMPATH\Database\BaseConnection.php on line 684.
 1 SYSTEMPATH\Database\BaseBuilder.php(1649): CodeIgniter\Database\BaseConnection->query('SELECT `users`.`id`, `users`.`name`, `users`.`email`, `enrollments`.`enrollment_date`, `enrollments`.`id` as `enrollment_id`
FROM `enrollments`
INNER JOIN `users` ON `users`.`id` = `enrollments`.`student_id`
WHERE `enrollments`.`course_id` = :enrollments.course_id:
AND `users`.`role` = :users.role:
ORDER BY `enrollments`.`enrollment_date` DESC', [...], false)
 2 APPPATH\Controllers\TeacherController.php(171): CodeIgniter\Database\BaseBuilder->get()
 3 SYSTEMPATH\CodeIgniter.php(933): App\Controllers\TeacherController->viewCourseStudents('1')
 4 SYSTEMPATH\CodeIgniter.php(507): CodeIgniter\CodeIgniter->runController(Object(App\Controllers\TeacherController))
 5 SYSTEMPATH\CodeIgniter.php(354): CodeIgniter\CodeIgniter->handleRequest(null, Object(Config\Cache), false)
 6 SYSTEMPATH\Boot.php(363): CodeIgniter\CodeIgniter->run()
 7 SYSTEMPATH\Boot.php(68): CodeIgniter\Boot::runCodeIgniter(Object(CodeIgniter\CodeIgniter))
 8 FCPATH\index.php(59): CodeIgniter\Boot::bootWeb(Object(Config\Paths))
CRITICAL - 2025-10-23 10:43:54 --> [Caused by] CodeIgniter\Database\Exceptions\DatabaseException: Unknown column 'enrollments.student_id' in 'on clause'
in SYSTEMPATH\Database\MySQLi\Connection.php on line 332.
 1 SYSTEMPATH\Database\BaseConnection.php(729): CodeIgniter\Database\MySQLi\Connection->execute('SELECT `users`.`id`, `users`.`name`, `users`.`email`, `enrollments`.`enrollment_date`, `enrollments`.`id` as `enrollment_id`
FROM `enrollments`
INNER JOIN `users` ON `users`.`id` = `enrollments`.`student_id`
WHERE `enrollments`.`course_id` = \'1\'
AND `users`.`role` = \'student\'
ORDER BY `enrollments`.`enrollment_date` DESC')
 2 SYSTEMPATH\Database\BaseConnection.php(646): CodeIgniter\Database\BaseConnection->simpleQuery('SELECT `users`.`id`, `users`.`name`, `users`.`email`, `enrollments`.`enrollment_date`, `enrollments`.`id` as `enrollment_id`
FROM `enrollments`
INNER JOIN `users` ON `users`.`id` = `enrollments`.`student_id`
WHERE `enrollments`.`course_id` = \'1\'
AND `users`.`role` = \'student\'
ORDER BY `enrollments`.`enrollment_date` DESC')
 3 SYSTEMPATH\Database\BaseBuilder.php(1649): CodeIgniter\Database\BaseConnection->query('SELECT `users`.`id`, `users`.`name`, `users`.`email`, `enrollments`.`enrollment_date`, `enrollments`.`id` as `enrollment_id`
FROM `enrollments`
INNER JOIN `users` ON `users`.`id` = `enrollments`.`student_id`
WHERE `enrollments`.`course_id` = :enrollments.course_id:
AND `users`.`role` = :users.role:
ORDER BY `enrollments`.`enrollment_date` DESC', [...], false)
 4 APPPATH\Controllers\TeacherController.php(171): CodeIgniter\Database\BaseBuilder->get()
 5 SYSTEMPATH\CodeIgniter.php(933): App\Controllers\TeacherController->viewCourseStudents('1')
 6 SYSTEMPATH\CodeIgniter.php(507): CodeIgniter\CodeIgniter->runController(Object(App\Controllers\TeacherController))
 7 SYSTEMPATH\CodeIgniter.php(354): CodeIgniter\CodeIgniter->handleRequest(null, Object(Config\Cache), false)
 8 SYSTEMPATH\Boot.php(363): CodeIgniter\CodeIgniter->run()
 9 SYSTEMPATH\Boot.php(68): CodeIgniter\Boot::runCodeIgniter(Object(CodeIgniter\CodeIgniter))
10 FCPATH\index.php(59): CodeIgniter\Boot::bootWeb(Object(Config\Paths))
CRITICAL - 2025-10-23 10:43:54 --> [Caused by] mysqli_sql_exception: Unknown column 'enrollments.student_id' in 'on clause'
in SYSTEMPATH\Database\MySQLi\Connection.php on line 327.
 1 SYSTEMPATH\Database\MySQLi\Connection.php(327): mysqli->query('SELECT `users`.`id`, `users`.`name`, `users`.`email`, `enrollments`.`enrollment_date`, `enrollments`.`id` as `enrollment_id`
FROM `enrollments`
INNER JOIN `users` ON `users`.`id` = `enrollments`.`student_id`
WHERE `enrollments`.`course_id` = \'1\'
AND `users`.`role` = \'student\'
ORDER BY `enrollments`.`enrollment_date` DESC', 0)
 2 SYSTEMPATH\Database\BaseConnection.php(729): CodeIgniter\Database\MySQLi\Connection->execute('SELECT `users`.`id`, `users`.`name`, `users`.`email`, `enrollments`.`enrollment_date`, `enrollments`.`id` as `enrollment_id`
FROM `enrollments`
INNER JOIN `users` ON `users`.`id` = `enrollments`.`student_id`
WHERE `enrollments`.`course_id` = \'1\'
AND `users`.`role` = \'student\'
ORDER BY `enrollments`.`enrollment_date` DESC')
 3 SYSTEMPATH\Database\BaseConnection.php(646): CodeIgniter\Database\BaseConnection->simpleQuery('SELECT `users`.`id`, `users`.`name`, `users`.`email`, `enrollments`.`enrollment_date`, `enrollments`.`id` as `enrollment_id`
FROM `enrollments`
INNER JOIN `users` ON `users`.`id` = `enrollments`.`student_id`
WHERE `enrollments`.`course_id` = \'1\'
AND `users`.`role` = \'student\'
ORDER BY `enrollments`.`enrollment_date` DESC')
 4 SYSTEMPATH\Database\BaseBuilder.php(1649): CodeIgniter\Database\BaseConnection->query('SELECT `users`.`id`, `users`.`name`, `users`.`email`, `enrollments`.`enrollment_date`, `enrollments`.`id` as `enrollment_id`
FROM `enrollments`
INNER JOIN `users` ON `users`.`id` = `enrollments`.`student_id`
WHERE `enrollments`.`course_id` = :enrollments.course_id:
AND `users`.`role` = :users.role:
ORDER BY `enrollments`.`enrollment_date` DESC', [...], false)
 5 APPPATH\Controllers\TeacherController.php(171): CodeIgniter\Database\BaseBuilder->get()
 6 SYSTEMPATH\CodeIgniter.php(933): App\Controllers\TeacherController->viewCourseStudents('1')
 7 SYSTEMPATH\CodeIgniter.php(507): CodeIgniter\CodeIgniter->runController(Object(App\Controllers\TeacherController))
 8 SYSTEMPATH\CodeIgniter.php(354): CodeIgniter\CodeIgniter->handleRequest(null, Object(Config\Cache), false)
 9 SYSTEMPATH\Boot.php(363): CodeIgniter\CodeIgniter->run()
10 SYSTEMPATH\Boot.php(68): CodeIgniter\Boot::runCodeIgniter(Object(CodeIgniter\CodeIgniter))
11 FCPATH\index.php(59): CodeIgniter\Boot::bootWeb(Object(Config\Paths))
ERROR - 2025-10-23 10:46:07 --> mysqli_sql_exception: Unknown column 'enrollments.student_id' in 'on clause' in D:\XAMPP\htdocs\ITE311-Fundar\system\Database\MySQLi\Connection.php:327
Stack trace:
#0 D:\XAMPP\htdocs\ITE311-Fundar\system\Database\MySQLi\Connection.php(327): mysqli->query('SELECT `users`....', 0)
#1 D:\XAMPP\htdocs\ITE311-Fundar\system\Database\BaseConnection.php(729): CodeIgniter\Database\MySQLi\Connection->execute('SELECT `users`....')
#2 D:\XAMPP\htdocs\ITE311-Fundar\system\Database\BaseConnection.php(646): CodeIgniter\Database\BaseConnection->simpleQuery('SELECT `users`....')
#3 D:\XAMPP\htdocs\ITE311-Fundar\system\Database\BaseBuilder.php(1649): CodeIgniter\Database\BaseConnection->query('SELECT `users`....', Array, false)
#4 D:\XAMPP\htdocs\ITE311-Fundar\app\Controllers\TeacherController.php(171): CodeIgniter\Database\BaseBuilder->get()
#5 D:\XAMPP\htdocs\ITE311-Fundar\system\CodeIgniter.php(933): App\Controllers\TeacherController->viewCourseStudents('1')
#6 D:\XAMPP\htdocs\ITE311-Fundar\system\CodeIgniter.php(507): CodeIgniter\CodeIgniter->runController(Object(App\Controllers\TeacherController))
#7 D:\XAMPP\htdocs\ITE311-Fundar\system\CodeIgniter.php(354): CodeIgniter\CodeIgniter->handleRequest(NULL, Object(Config\Cache), false)
#8 D:\XAMPP\htdocs\ITE311-Fundar\system\Boot.php(363): CodeIgniter\CodeIgniter->run()
#9 D:\XAMPP\htdocs\ITE311-Fundar\system\Boot.php(68): CodeIgniter\Boot::runCodeIgniter(Object(CodeIgniter\CodeIgniter))
#10 D:\XAMPP\htdocs\ITE311-Fundar\index.php(59): CodeIgniter\Boot::bootWeb(Object(Config\Paths))
#11 {main}
CRITICAL - 2025-10-23 10:46:07 --> CodeIgniter\Database\Exceptions\DatabaseException: Unknown column 'enrollments.student_id' in 'on clause'
[Method: GET, Route: teacher/course/1/students]
in SYSTEMPATH\Database\BaseConnection.php on line 684.
 1 SYSTEMPATH\Database\BaseBuilder.php(1649): CodeIgniter\Database\BaseConnection->query('SELECT `users`.`id`, `users`.`name`, `users`.`email`, `enrollments`.`enrollment_date`, `enrollments`.`id` as `enrollment_id`
FROM `enrollments`
INNER JOIN `users` ON `users`.`id` = `enrollments`.`student_id`
WHERE `enrollments`.`course_id` = :enrollments.course_id:
AND `users`.`role` = :users.role:
ORDER BY `enrollments`.`enrollment_date` DESC', [...], false)
 2 APPPATH\Controllers\TeacherController.php(171): CodeIgniter\Database\BaseBuilder->get()
 3 SYSTEMPATH\CodeIgniter.php(933): App\Controllers\TeacherController->viewCourseStudents('1')
 4 SYSTEMPATH\CodeIgniter.php(507): CodeIgniter\CodeIgniter->runController(Object(App\Controllers\TeacherController))
 5 SYSTEMPATH\CodeIgniter.php(354): CodeIgniter\CodeIgniter->handleRequest(null, Object(Config\Cache), false)
 6 SYSTEMPATH\Boot.php(363): CodeIgniter\CodeIgniter->run()
 7 SYSTEMPATH\Boot.php(68): CodeIgniter\Boot::runCodeIgniter(Object(CodeIgniter\CodeIgniter))
 8 FCPATH\index.php(59): CodeIgniter\Boot::bootWeb(Object(Config\Paths))
CRITICAL - 2025-10-23 10:46:07 --> [Caused by] CodeIgniter\Database\Exceptions\DatabaseException: Unknown column 'enrollments.student_id' in 'on clause'
in SYSTEMPATH\Database\MySQLi\Connection.php on line 332.
 1 SYSTEMPATH\Database\BaseConnection.php(729): CodeIgniter\Database\MySQLi\Connection->execute('SELECT `users`.`id`, `users`.`name`, `users`.`email`, `enrollments`.`enrollment_date`, `enrollments`.`id` as `enrollment_id`
FROM `enrollments`
INNER JOIN `users` ON `users`.`id` = `enrollments`.`student_id`
WHERE `enrollments`.`course_id` = \'1\'
AND `users`.`role` = \'student\'
ORDER BY `enrollments`.`enrollment_date` DESC')
 2 SYSTEMPATH\Database\BaseConnection.php(646): CodeIgniter\Database\BaseConnection->simpleQuery('SELECT `users`.`id`, `users`.`name`, `users`.`email`, `enrollments`.`enrollment_date`, `enrollments`.`id` as `enrollment_id`
FROM `enrollments`
INNER JOIN `users` ON `users`.`id` = `enrollments`.`student_id`
WHERE `enrollments`.`course_id` = \'1\'
AND `users`.`role` = \'student\'
ORDER BY `enrollments`.`enrollment_date` DESC')
 3 SYSTEMPATH\Database\BaseBuilder.php(1649): CodeIgniter\Database\BaseConnection->query('SELECT `users`.`id`, `users`.`name`, `users`.`email`, `enrollments`.`enrollment_date`, `enrollments`.`id` as `enrollment_id`
FROM `enrollments`
INNER JOIN `users` ON `users`.`id` = `enrollments`.`student_id`
WHERE `enrollments`.`course_id` = :enrollments.course_id:
AND `users`.`role` = :users.role:
ORDER BY `enrollments`.`enrollment_date` DESC', [...], false)
 4 APPPATH\Controllers\TeacherController.php(171): CodeIgniter\Database\BaseBuilder->get()
 5 SYSTEMPATH\CodeIgniter.php(933): App\Controllers\TeacherController->viewCourseStudents('1')
 6 SYSTEMPATH\CodeIgniter.php(507): CodeIgniter\CodeIgniter->runController(Object(App\Controllers\TeacherController))
 7 SYSTEMPATH\CodeIgniter.php(354): CodeIgniter\CodeIgniter->handleRequest(null, Object(Config\Cache), false)
 8 SYSTEMPATH\Boot.php(363): CodeIgniter\CodeIgniter->run()
 9 SYSTEMPATH\Boot.php(68): CodeIgniter\Boot::runCodeIgniter(Object(CodeIgniter\CodeIgniter))
10 FCPATH\index.php(59): CodeIgniter\Boot::bootWeb(Object(Config\Paths))
CRITICAL - 2025-10-23 10:46:07 --> [Caused by] mysqli_sql_exception: Unknown column 'enrollments.student_id' in 'on clause'
in SYSTEMPATH\Database\MySQLi\Connection.php on line 327.
 1 SYSTEMPATH\Database\MySQLi\Connection.php(327): mysqli->query('SELECT `users`.`id`, `users`.`name`, `users`.`email`, `enrollments`.`enrollment_date`, `enrollments`.`id` as `enrollment_id`
FROM `enrollments`
INNER JOIN `users` ON `users`.`id` = `enrollments`.`student_id`
WHERE `enrollments`.`course_id` = \'1\'
AND `users`.`role` = \'student\'
ORDER BY `enrollments`.`enrollment_date` DESC', 0)
 2 SYSTEMPATH\Database\BaseConnection.php(729): CodeIgniter\Database\MySQLi\Connection->execute('SELECT `users`.`id`, `users`.`name`, `users`.`email`, `enrollments`.`enrollment_date`, `enrollments`.`id` as `enrollment_id`
FROM `enrollments`
INNER JOIN `users` ON `users`.`id` = `enrollments`.`student_id`
WHERE `enrollments`.`course_id` = \'1\'
AND `users`.`role` = \'student\'
ORDER BY `enrollments`.`enrollment_date` DESC')
 3 SYSTEMPATH\Database\BaseConnection.php(646): CodeIgniter\Database\BaseConnection->simpleQuery('SELECT `users`.`id`, `users`.`name`, `users`.`email`, `enrollments`.`enrollment_date`, `enrollments`.`id` as `enrollment_id`
FROM `enrollments`
INNER JOIN `users` ON `users`.`id` = `enrollments`.`student_id`
WHERE `enrollments`.`course_id` = \'1\'
AND `users`.`role` = \'student\'
ORDER BY `enrollments`.`enrollment_date` DESC')
 4 SYSTEMPATH\Database\BaseBuilder.php(1649): CodeIgniter\Database\BaseConnection->query('SELECT `users`.`id`, `users`.`name`, `users`.`email`, `enrollments`.`enrollment_date`, `enrollments`.`id` as `enrollment_id`
FROM `enrollments`
INNER JOIN `users` ON `users`.`id` = `enrollments`.`student_id`
WHERE `enrollments`.`course_id` = :enrollments.course_id:
AND `users`.`role` = :users.role:
ORDER BY `enrollments`.`enrollment_date` DESC', [...], false)
 5 APPPATH\Controllers\TeacherController.php(171): CodeIgniter\Database\BaseBuilder->get()
 6 SYSTEMPATH\CodeIgniter.php(933): App\Controllers\TeacherController->viewCourseStudents('1')
 7 SYSTEMPATH\CodeIgniter.php(507): CodeIgniter\CodeIgniter->runController(Object(App\Controllers\TeacherController))
 8 SYSTEMPATH\CodeIgniter.php(354): CodeIgniter\CodeIgniter->handleRequest(null, Object(Config\Cache), false)
 9 SYSTEMPATH\Boot.php(363): CodeIgniter\CodeIgniter->run()
10 SYSTEMPATH\Boot.php(68): CodeIgniter\Boot::runCodeIgniter(Object(CodeIgniter\CodeIgniter))
11 FCPATH\index.php(59): CodeIgniter\Boot::bootWeb(Object(Config\Paths))
